<?xml version="1.0" encoding="UTF-8"?>
<testng-results skipped="0" failed="0" total="1" passed="1">
  <reporter-output>
  </reporter-output>
  <suite name="Default suite" duration-ms="103657" started-at="2021-04-15T12:05:21Z" finished-at="2021-04-15T12:07:04Z">
    <groups>
    </groups>
    <test name="Default test" duration-ms="103657" started-at="2021-04-15T12:05:21Z" finished-at="2021-04-15T12:07:04Z">
      <class name="testcases.TC_001">
        <test-method status="PASS" signature="tc001()[pri:0, instance:testcases.TC_001@cc285f4]" name="tc001" duration-ms="103600" started-at="2021-04-15T17:35:21Z" finished-at="2021-04-15T17:37:04Z">
          <reporter-output>
          </reporter-output>
        </test-method> <!-- tc001 -->
      </class> <!-- testcases.TC_001 -->
    </test> <!-- Default test -->
  </suite> <!-- Default suite -->
</testng-results>
